<?xml version="1.0" encoding="UTF-8"?>
<!-- Generated by org.testng.reporters.JUnitReportReporter -->
<testsuite hostname="DESKTOP-OR6VU5V" name="AleartConcepts.DemoAlarts" tests="1" failures="0" timestamp="12 Aug 2020 00:39:36 GMT" time="35.259" errors="0">
  <testcase name="selectDDValues" time="35.259" classname="AleartConcepts.DemoAlarts"/>
</testsuite> <!-- AleartConcepts.DemoAlarts -->
